TN:
SF:src/components/SectionProgressCapsules.tsx
FN:18,(anonymous_0)
FN:35,(anonymous_1)
FN:37,(anonymous_2)
FN:51,(anonymous_3)
FNF:4
FNH:4
FNDA:98,(anonymous_0)
FNDA:34,(anonymous_1)
FNDA:98,(anonymous_2)
FNDA:1,(anonymous_3)
DA:18,2
DA:19,98
DA:20,2
DA:22,96
DA:24,73
DA:26,10
DA:28,13
DA:31,0
DA:35,2
DA:36,34
DA:38,98
DA:40,98
DA:41,98
DA:51,1
LF:14
LH:13
BRDA:19,0,0,2
BRDA:19,0,1,96
BRDA:20,1,0,2
BRDA:20,1,1,1
BRDA:22,2,0,96
BRDA:22,2,1,10
BRDA:22,2,2,13
BRDA:22,2,3,0
BRDA:40,3,0,98
BRDA:40,3,1,95
BRDA:40,3,2,63
BRDA:47,4,0,98
BRDA:47,4,1,1
BRDA:54,5,0,0
BRDA:54,5,1,1
BRF:15
BRH:13
end_of_record
TN:
SF:src/hooks/useGenerationPolling.ts
FN:7,(anonymous_0)
FN:8,(anonymous_1)
FN:9,(anonymous_2)
FN:10,(anonymous_3)
FN:12,(anonymous_4)
FN:14,(anonymous_5)
FN:22,(anonymous_6)
FN:40,(anonymous_7)
FNF:8
FNH:8
FNDA:8,(anonymous_0)
FNDA:24,(anonymous_1)
FNDA:24,(anonymous_2)
FNDA:24,(anonymous_3)
FNDA:16,(anonymous_4)
FNDA:7,(anonymous_5)
FNDA:5,(anonymous_6)
FNDA:5,(anonymous_7)
DA:7,1
DA:8,24
DA:9,24
DA:10,24
DA:11,8
DA:12,16
DA:14,8
DA:15,7
DA:16,2
DA:19,5
DA:22,5
DA:23,5
DA:24,5
DA:25,3
DA:26,2
DA:27,2
DA:29,2
DA:30,1
DA:32,5
DA:33,3
DA:38,5
DA:40,5
DA:41,5
DA:42,5
DA:43,3
DA:48,8
LF:26
LH:26
BRDA:15,0,0,2
BRDA:15,0,1,5
BRDA:15,1,0,7
BRDA:15,1,1,6
BRDA:25,2,0,1
BRDA:25,2,1,2
BRDA:29,3,0,1
BRDA:29,3,1,1
BRDA:32,4,0,3
BRDA:32,4,1,2
BRDA:42,5,0,3
BRDA:42,5,1,2
BRF:12
BRH:12
end_of_record
TN:
SF:src/pages/QuizPage.tsx
FN:14,(anonymous_0)
FN:15,(anonymous_1)
FN:16,(anonymous_2)
FN:17,(anonymous_3)
FN:18,(anonymous_4)
FN:19,(anonymous_5)
FN:20,(anonymous_6)
FN:21,(anonymous_7)
FN:22,(anonymous_8)
FN:23,(anonymous_9)
FN:24,(anonymous_10)
FN:37,(anonymous_11)
FN:46,(anonymous_12)
FN:48,(anonymous_13)
FN:54,(anonymous_14)
FN:58,(anonymous_15)
FN:66,(anonymous_16)
FN:73,(anonymous_17)
FN:85,(anonymous_18)
FN:90,(anonymous_19)
FN:97,(anonymous_20)
FN:113,(anonymous_21)
FN:114,(anonymous_22)
FN:116,(anonymous_23)
FN:118,(anonymous_24)
FN:132,(anonymous_25)
FN:150,(anonymous_26)
FN:164,(anonymous_27)
FN:168,(anonymous_28)
FN:179,(anonymous_29)
FN:180,(anonymous_30)
FN:218,(anonymous_31)
FN:262,(anonymous_32)
FN:276,(anonymous_33)
FN:304,(anonymous_34)
FN:304,(anonymous_35)
FN:327,(anonymous_36)
FN:332,(anonymous_37)
FNF:38
FNH:36
FNDA:41,(anonymous_0)
FNDA:123,(anonymous_1)
FNDA:123,(anonymous_2)
FNDA:123,(anonymous_3)
FNDA:123,(anonymous_4)
FNDA:123,(anonymous_5)
FNDA:123,(anonymous_6)
FNDA:123,(anonymous_7)
FNDA:123,(anonymous_8)
FNDA:123,(anonymous_9)
FNDA:114,(anonymous_10)
FNDA:12,(anonymous_11)
FNDA:12,(anonymous_12)
FNDA:12,(anonymous_13)
FNDA:109,(anonymous_14)
FNDA:16,(anonymous_15)
FNDA:1,(anonymous_16)
FNDA:40,(anonymous_17)
FNDA:13,(anonymous_18)
FNDA:4,(anonymous_19)
FNDA:13,(anonymous_20)
FNDA:62,(anonymous_21)
FNDA:1,(anonymous_22)
FNDA:0,(anonymous_23)
FNDA:120,(anonymous_24)
FNDA:6,(anonymous_25)
FNDA:1,(anonymous_26)
FNDA:3,(anonymous_27)
FNDA:3,(anonymous_28)
FNDA:2,(anonymous_29)
FNDA:0,(anonymous_30)
FNDA:1,(anonymous_31)
FNDA:1,(anonymous_32)
FNDA:40,(anonymous_33)
FNDA:2,(anonymous_34)
FNDA:2,(anonymous_35)
FNDA:72,(anonymous_36)
FNDA:6,(anonymous_37)
DA:14,1
DA:15,123
DA:16,123
DA:17,123
DA:18,123
DA:19,123
DA:20,123
DA:21,123
DA:22,123
DA:23,123
DA:24,114
DA:25,41
DA:26,41
DA:27,41
DA:28,41
DA:29,41
DA:30,41
DA:31,41
DA:32,41
DA:33,41
DA:34,41
DA:35,41
DA:37,41
DA:38,12
DA:39,11
DA:46,41
DA:47,12
DA:48,12
DA:49,12
DA:51,12
DA:54,109
DA:55,41
DA:58,41
DA:59,16
DA:60,13
DA:62,3
DA:63,1
DA:64,1
DA:65,1
DA:66,1
DA:70,41
DA:71,41
DA:72,41
DA:73,41
DA:75,41
DA:77,41
DA:80,41
DA:83,41
DA:84,41
DA:85,41
DA:86,13
DA:88,11
DA:89,7
DA:90,2
DA:91,4
DA:97,41
DA:98,13
DA:101,41
DA:102,1
DA:104,40
DA:105,40
DA:106,40
DA:111,40
DA:112,41
DA:113,62
DA:114,1
DA:115,41
DA:116,0
DA:118,120
DA:126,41
DA:131,41
DA:132,41
DA:133,6
DA:134,6
DA:135,6
DA:142,6
DA:143,6
DA:144,6
DA:145,6
DA:147,6
DA:148,1
DA:149,1
DA:150,1
DA:151,1
DA:154,5
DA:155,2
DA:156,2
DA:157,2
DA:158,2
DA:161,3
DA:164,41
DA:165,3
DA:166,3
DA:167,3
DA:168,3
DA:169,3
DA:170,3
DA:178,2
DA:179,2
DA:180,0
DA:184,2
DA:185,1
DA:194,1
DA:204,2
DA:210,2
DA:212,1
DA:214,3
DA:218,41
DA:219,1
DA:220,1
DA:221,1
DA:222,1
DA:223,1
DA:224,1
DA:226,1
DA:228,1
DA:232,41
DA:262,1
DA:277,40
DA:304,2
DA:328,72
DA:332,6
LF:122
LH:120
BRDA:38,0,0,1
BRDA:38,0,1,11
BRDA:55,1,0,41
BRDA:55,1,1,1
BRDA:55,1,2,1
BRDA:59,2,0,13
BRDA:59,2,1,3
BRDA:62,3,0,1
BRDA:62,3,1,2
BRDA:72,4,0,41
BRDA:72,4,1,2
BRDA:75,5,0,6
BRDA:75,5,1,35
BRDA:78,6,0,41
BRDA:78,6,1,39
BRDA:78,6,2,33
BRDA:78,6,3,39
BRDA:80,7,0,39
BRDA:80,7,1,2
BRDA:80,8,0,41
BRDA:80,8,1,39
BRDA:80,8,2,39
BRDA:83,9,0,41
BRDA:83,9,1,31
BRDA:86,10,0,2
BRDA:86,10,1,11
BRDA:88,11,0,4
BRDA:88,11,1,7
BRDA:89,12,0,5
BRDA:89,12,1,2
BRDA:89,13,0,7
BRDA:89,13,1,2
BRDA:91,14,0,2
BRDA:91,14,1,2
BRDA:101,15,0,1
BRDA:101,15,1,40
BRDA:112,16,0,39
BRDA:112,16,1,1
BRDA:115,17,0,5
BRDA:115,17,1,35
BRDA:116,18,0,5
BRDA:116,18,1,0
BRDA:124,19,0,120
BRDA:124,19,1,80
BRDA:126,20,0,5
BRDA:126,20,1,35
BRDA:128,21,0,34
BRDA:128,21,1,1
BRDA:131,22,0,5
BRDA:131,22,1,35
BRDA:133,23,0,0
BRDA:133,23,1,6
BRDA:133,24,0,6
BRDA:133,24,1,6
BRDA:133,24,2,6
BRDA:147,25,0,1
BRDA:147,25,1,5
BRDA:154,26,0,2
BRDA:154,26,1,3
BRDA:184,27,0,1
BRDA:184,27,1,1
BRDA:219,28,0,0
BRDA:219,28,1,1
BRDA:246,29,0,40
BRDA:246,29,1,0
BRDA:249,30,0,41
BRDA:249,30,1,0
BRDA:253,31,0,5
BRDA:253,31,1,35
BRDA:253,32,0,41
BRDA:253,32,1,5
BRDA:257,33,0,5
BRDA:257,33,1,3
BRDA:258,34,0,5
BRDA:258,34,1,3
BRDA:258,34,2,3
BRDA:258,34,3,3
BRDA:265,35,0,1
BRDA:265,35,1,2
BRDA:269,36,0,34
BRDA:269,36,1,1
BRDA:272,37,0,6
BRDA:272,37,1,28
BRDA:273,38,0,34
BRDA:273,38,1,34
BRDA:275,39,0,10
BRDA:275,39,1,24
BRDA:277,40,0,15
BRDA:277,40,1,25
BRDA:279,41,0,2
BRDA:279,41,1,13
BRDA:296,42,0,34
BRDA:296,42,1,34
BRDA:299,43,0,34
BRDA:299,43,1,34
BRDA:303,44,0,2
BRDA:303,44,1,32
BRDA:308,45,0,2
BRDA:308,45,1,32
BRDA:310,46,0,2
BRDA:310,46,1,32
BRDA:318,47,0,34
BRDA:318,47,1,2
BRDA:331,48,0,18
BRDA:331,48,1,54
BRDA:333,49,0,72
BRDA:333,49,1,66
BRDA:339,50,0,34
BRDA:339,50,1,1
BRDA:343,51,0,34
BRDA:343,51,1,18
BRDA:343,51,2,15
BRDA:346,52,0,23
BRDA:346,52,1,11
BRDA:346,53,0,34
BRDA:346,53,1,31
BRF:116
BRH:111
end_of_record
